[2025-03-03T01:43:29.482+0000] {local_task_job_runner.py:123} INFO - ::group::Pre task execution logs
[2025-03-03T01:43:29.494+0000] {taskinstance.py:2612} INFO - Dependencies all met for dep_context=non-requeueable deps ti=<TaskInstance: Stock_Alpha_Vantage.transform manual__2025-03-03T01:43:26.236106+00:00 [queued]>
[2025-03-03T01:43:29.500+0000] {taskinstance.py:2612} INFO - Dependencies all met for dep_context=requeueable deps ti=<TaskInstance: Stock_Alpha_Vantage.transform manual__2025-03-03T01:43:26.236106+00:00 [queued]>
[2025-03-03T01:43:29.500+0000] {taskinstance.py:2865} INFO - Starting attempt 1 of 1
[2025-03-03T01:43:29.510+0000] {taskinstance.py:2888} INFO - Executing <Task(_PythonDecoratedOperator): transform> on 2025-03-03 01:43:26.236106+00:00
[2025-03-03T01:43:29.518+0000] {standard_task_runner.py:104} INFO - Running: ['***', 'tasks', 'run', 'Stock_Alpha_Vantage', 'transform', 'manual__2025-03-03T01:43:26.236106+00:00', '--job-id', '86', '--raw', '--subdir', 'DAGS_FOLDER/Assignment5.py', '--cfg-path', '/tmp/tmp8049wsva']
[2025-03-03T01:43:29.520+0000] {standard_task_runner.py:105} INFO - Job 86: Subtask transform
[2025-03-03T01:43:29.522+0000] {logging_mixin.py:190} WARNING - /home/***/.local/lib/python3.12/site-packages/***/task/task_runner/standard_task_runner.py:70 DeprecationWarning: This process (pid=4439) is multi-threaded, use of fork() may lead to deadlocks in the child.
[2025-03-03T01:43:29.523+0000] {standard_task_runner.py:72} INFO - Started process 4446 to run task
[2025-03-03T01:43:29.553+0000] {task_command.py:467} INFO - Running <TaskInstance: Stock_Alpha_Vantage.transform manual__2025-03-03T01:43:26.236106+00:00 [running]> on host e39575d078f8
[2025-03-03T01:43:29.611+0000] {taskinstance.py:3131} INFO - Exporting env vars: AIRFLOW_CTX_DAG_OWNER='***' AIRFLOW_CTX_DAG_ID='Stock_Alpha_Vantage' AIRFLOW_CTX_TASK_ID='transform' AIRFLOW_CTX_EXECUTION_DATE='2025-03-03T01:43:26.236106+00:00' AIRFLOW_CTX_TRY_NUMBER='1' AIRFLOW_CTX_DAG_RUN_ID='manual__2025-03-03T01:43:26.236106+00:00'
[2025-03-03T01:43:29.612+0000] {taskinstance.py:731} INFO - ::endgroup::
[2025-03-03T01:43:29.653+0000] {python.py:240} INFO - Done. Returned value was: {'symbol': 'NVDA', 'records': [{'date': Timestamp('2025-02-28 00:00:00'), 'open': 118.02, 'high': 125.09, 'low': 116.4, 'close': 124.92, 'volume': 389091145.0}, {'date': Timestamp('2025-02-27 00:00:00'), 'open': 135.0, 'high': 135.01, 'low': 120.01, 'close': 120.15, 'volume': 443175846.0}, {'date': Timestamp('2025-02-26 00:00:00'), 'open': 129.985, 'high': 133.73, 'low': 128.49, 'close': 131.28, 'volume': 322553814.0}, {'date': Timestamp('2025-02-25 00:00:00'), 'open': 129.98, 'high': 130.2, 'low': 124.44, 'close': 126.63, 'volume': 271428711.0}, {'date': Timestamp('2025-02-24 00:00:00'), 'open': 136.56, 'high': 138.59, 'low': 130.08, 'close': 130.28, 'volume': 251381137.0}, {'date': Timestamp('2025-02-21 00:00:00'), 'open': 140.04, 'high': 141.46, 'low': 134.03, 'close': 134.43, 'volume': 228217585.0}, {'date': Timestamp('2025-02-20 00:00:00'), 'open': 140.03, 'high': 140.66, 'low': 136.7901, 'close': 140.11, 'volume': 143903583.0}, {'date': Timestamp('2025-02-19 00:00:00'), 'open': 139.51, 'high': 141.36, 'low': 137.22, 'close': 139.23, 'volume': 167536006.0}, {'date': Timestamp('2025-02-18 00:00:00'), 'open': 141.27, 'high': 143.44, 'low': 137.925, 'close': 139.4, 'volume': 219176627.0}, {'date': Timestamp('2025-02-14 00:00:00'), 'open': 136.48, 'high': 139.25, 'low': 135.5, 'close': 138.85, 'volume': 195479557.0}, {'date': Timestamp('2025-02-13 00:00:00'), 'open': 131.555, 'high': 136.5, 'low': 131.17, 'close': 135.29, 'volume': 197429975.0}, {'date': Timestamp('2025-02-12 00:00:00'), 'open': 130.02, 'high': 132.24, 'low': 129.08, 'close': 131.14, 'volume': 160278552.0}, {'date': Timestamp('2025-02-11 00:00:00'), 'open': 132.58, 'high': 134.48, 'low': 131.02, 'close': 132.8, 'volume': 178902379.0}, {'date': Timestamp('2025-02-10 00:00:00'), 'open': 130.09, 'high': 135.0, 'low': 129.96, 'close': 133.57, 'volume': 216989086.0}, {'date': Timestamp('2025-02-07 00:00:00'), 'open': 129.22, 'high': 130.37, 'low': 125.0, 'close': 129.84, 'volume': 228186298.0}, {'date': Timestamp('2025-02-06 00:00:00'), 'open': 127.42, 'high': 128.77, 'low': 125.21, 'close': 128.68, 'volume': 251483574.0}, {'date': Timestamp('2025-02-05 00:00:00'), 'open': 121.76, 'high': 125.0, 'low': 120.76, 'close': 124.83, 'volume': 263110629.0}, {'date': Timestamp('2025-02-04 00:00:00'), 'open': 116.96, 'high': 121.2, 'low': 116.7, 'close': 118.65, 'volume': 256550040.0}, {'date': Timestamp('2025-02-03 00:00:00'), 'open': 114.75, 'high': 118.57, 'low': 113.01, 'close': 116.66, 'volume': 371235677.0}, {'date': Timestamp('2025-01-31 00:00:00'), 'open': 123.78, 'high': 127.85, 'low': 119.19, 'close': 120.07, 'volume': 390372899.0}, {'date': Timestamp('2025-01-30 00:00:00'), 'open': 123.1, 'high': 125.0, 'low': 118.1, 'close': 124.65, 'volume': 392925469.0}, {'date': Timestamp('2025-01-29 00:00:00'), 'open': 126.5, 'high': 126.89, 'low': 120.05, 'close': 123.7, 'volume': 467120640.0}, {'date': Timestamp('2025-01-28 00:00:00'), 'open': 121.81, 'high': 129.0, 'low': 116.25, 'close': 128.99, 'volume': 579666350.0}, {'date': Timestamp('2025-01-27 00:00:00'), 'open': 124.8, 'high': 128.4, 'low': 116.7, 'close': 118.42, 'volume': 818830895.0}, {'date': Timestamp('2025-01-24 00:00:00'), 'open': 148.37, 'high': 148.97, 'low': 141.88, 'close': 142.62, 'volume': 234657635.0}, {'date': Timestamp('2025-01-23 00:00:00'), 'open': 145.05, 'high': 147.23, 'low': 143.72, 'close': 147.22, 'volume': 155915549.0}, {'date': Timestamp('2025-01-22 00:00:00'), 'open': 144.66, 'high': 147.79, 'low': 143.67, 'close': 147.07, 'volume': 237651395.0}, {'date': Timestamp('2025-01-21 00:00:00'), 'open': 139.16, 'high': 141.83, 'low': 137.09, 'close': 140.83, 'volume': 197748985.0}, {'date': Timestamp('2025-01-17 00:00:00'), 'open': 136.69, 'high': 138.5, 'low': 135.4649, 'close': 137.71, 'volume': 201188760.0}, {'date': Timestamp('2025-01-16 00:00:00'), 'open': 138.64, 'high': 138.75, 'low': 133.49, 'close': 133.57, 'volume': 209235583.0}, {'date': Timestamp('2025-01-15 00:00:00'), 'open': 133.65, 'high': 136.45, 'low': 131.29, 'close': 136.24, 'volume': 185217338.0}, {'date': Timestamp('2025-01-14 00:00:00'), 'open': 136.05, 'high': 136.38, 'low': 130.05, 'close': 131.76, 'volume': 195590485.0}, {'date': Timestamp('2025-01-13 00:00:00'), 'open': 129.99, 'high': 133.49, 'low': 129.51, 'close': 133.23, 'volume': 204808914.0}, {'date': Timestamp('2025-01-10 00:00:00'), 'open': 137.45, 'high': 139.92, 'low': 134.22, 'close': 135.91, 'volume': 207602514.0}, {'date': Timestamp('2025-01-08 00:00:00'), 'open': 142.58, 'high': 143.95, 'low': 137.56, 'close': 140.11, 'volume': 227349948.0}, {'date': Timestamp('2025-01-07 00:00:00'), 'open': 153.03, 'high': 153.13, 'low': 140.01, 'close': 140.14, 'volume': 351782174.0}, {'date': Timestamp('2025-01-06 00:00:00'), 'open': 148.59, 'high': 152.156, 'low': 147.8201, 'close': 149.43, 'volume': 265377359.0}, {'date': Timestamp('2025-01-03 00:00:00'), 'open': 140.01, 'high': 144.9, 'low': 139.73, 'close': 144.47, 'volume': 229322478.0}, {'date': Timestamp('2025-01-02 00:00:00'), 'open': 136.0, 'high': 138.88, 'low': 134.63, 'close': 138.31, 'volume': 198247166.0}, {'date': Timestamp('2024-12-31 00:00:00'), 'open': 138.03, 'high': 138.07, 'low': 133.83, 'close': 134.29, 'volume': 155659211.0}, {'date': Timestamp('2024-12-30 00:00:00'), 'open': 134.83, 'high': 140.27, 'low': 134.02, 'close': 137.49, 'volume': 167734700.0}, {'date': Timestamp('2024-12-27 00:00:00'), 'open': 138.55, 'high': 139.02, 'low': 134.71, 'close': 137.01, 'volume': 170582603.0}, {'date': Timestamp('2024-12-26 00:00:00'), 'open': 139.7, 'high': 140.85, 'low': 137.73, 'close': 139.93, 'volume': 116519090.0}, {'date': Timestamp('2024-12-24 00:00:00'), 'open': 140.0, 'high': 141.9, 'low': 138.65, 'close': 140.22, 'volume': 105156989.0}, {'date': Timestamp('2024-12-23 00:00:00'), 'open': 136.28, 'high': 139.79, 'low': 135.1201, 'close': 139.67, 'volume': 176053506.0}, {'date': Timestamp('2024-12-20 00:00:00'), 'open': 129.81, 'high': 135.28, 'low': 128.22, 'close': 134.7, 'volume': 306528553.0}, {'date': Timestamp('2024-12-19 00:00:00'), 'open': 131.76, 'high': 134.03, 'low': 129.55, 'close': 130.68, 'volume': 209719210.0}, {'date': Timestamp('2024-12-18 00:00:00'), 'open': 133.86, 'high': 136.7, 'low': 128.28, 'close': 128.91, 'volume': 277444533.0}, {'date': Timestamp('2024-12-17 00:00:00'), 'open': 129.09, 'high': 131.59, 'low': 126.86, 'close': 130.39, 'volume': 259410263.0}, {'date': Timestamp('2024-12-16 00:00:00'), 'open': 134.18, 'high': 134.4, 'low': 130.42, 'close': 132.0, 'volume': 237951130.0}, {'date': Timestamp('2024-12-13 00:00:00'), 'open': 138.94, 'high': 139.6, 'low': 132.54, 'close': 134.25, 'volume': 231514881.0}, {'date': Timestamp('2024-12-12 00:00:00'), 'open': 137.08, 'high': 138.44, 'low': 135.8, 'close': 137.34, 'volume': 159211393.0}, {'date': Timestamp('2024-12-11 00:00:00'), 'open': 137.36, 'high': 140.17, 'low': 135.21, 'close': 139.31, 'volume': 184905192.0}, {'date': Timestamp('2024-12-10 00:00:00'), 'open': 139.01, 'high': 141.82, 'low': 133.79, 'close': 135.07, 'volume': 210020888.0}, {'date': Timestamp('2024-12-09 00:00:00'), 'open': 138.97, 'high': 139.95, 'low': 137.13, 'close': 138.81, 'volume': 189308625.0}, {'date': Timestamp('2024-12-06 00:00:00'), 'open': 144.6, 'high': 145.7, 'low': 141.31, 'close': 142.44, 'volume': 188505573.0}, {'date': Timestamp('2024-12-05 00:00:00'), 'open': 145.11, 'high': 146.54, 'low': 143.95, 'close': 145.06, 'volume': 172621180.0}, {'date': Timestamp('2024-12-04 00:00:00'), 'open': 141.995, 'high': 145.79, 'low': 140.29, 'close': 145.14, 'volume': 231224295.0}, {'date': Timestamp('2024-12-03 00:00:00'), 'open': 138.26, 'high': 140.54, 'low': 137.95, 'close': 140.26, 'volume': 164413965.0}, {'date': Timestamp('2024-12-02 00:00:00'), 'open': 138.83, 'high': 140.45, 'low': 137.825, 'close': 138.63, 'volume': 171682777.0}, {'date': Timestamp('2024-11-29 00:00:00'), 'open': 136.78, 'high': 139.35, 'low': 136.05, 'close': 138.25, 'volume': 141863156.0}, {'date': Timestamp('2024-11-27 00:00:00'), 'open': 135.01, 'high': 137.22, 'low': 131.8, 'close': 135.34, 'volume': 226370912.0}, {'date': Timestamp('2024-11-26 00:00:00'), 'open': 137.7, 'high': 139.3, 'low': 135.67, 'close': 136.92, 'volume': 190287654.0}, {'date': Timestamp('2024-11-25 00:00:00'), 'open': 141.99, 'high': 142.05, 'low': 135.82, 'close': 136.02, 'volume': 344941875.0}, {'date': Timestamp('2024-11-22 00:00:00'), 'open': 145.93, 'high': 147.16, 'low': 141.1, 'close': 141.95, 'volume': 236406154.0}, {'date': Timestamp('2024-11-21 00:00:00'), 'open': 149.35, 'high': 152.89, 'low': 140.7, 'close': 146.67, 'volume': 400946570.0}, {'date': Timestamp('2024-11-20 00:00:00'), 'open': 147.41, 'high': 147.56, 'low': 142.73, 'close': 145.89, 'volume': 309871654.0}, {'date': Timestamp('2024-11-19 00:00:00'), 'open': 141.32, 'high': 147.13, 'low': 140.99, 'close': 147.01, 'volume': 227834912.0}, {'date': Timestamp('2024-11-18 00:00:00'), 'open': 139.5, 'high': 141.55, 'low': 137.15, 'close': 140.15, 'volume': 221865993.0}, {'date': Timestamp('2024-11-15 00:00:00'), 'open': 144.87, 'high': 145.24, 'low': 140.08, 'close': 141.98, 'volume': 250132869.0}, {'date': Timestamp('2024-11-14 00:00:00'), 'open': 147.64, 'high': 149.0, 'low': 145.55, 'close': 146.76, 'volume': 194463301.0}, {'date': Timestamp('2024-11-13 00:00:00'), 'open': 149.07, 'high': 149.33, 'low': 145.9, 'close': 146.27, 'volume': 191903267.0}, {'date': Timestamp('2024-11-12 00:00:00'), 'open': 146.78, 'high': 149.65, 'low': 146.01, 'close': 148.29, 'volume': 198634738.0}, {'date': Timestamp('2024-11-11 00:00:00'), 'open': 148.68, 'high': 148.85, 'low': 143.57, 'close': 145.26, 'volume': 182325620.0}, {'date': Timestamp('2024-11-08 00:00:00'), 'open': 148.77, 'high': 149.77, 'low': 146.26, 'close': 147.63, 'volume': 175665830.0}, {'date': Timestamp('2024-11-07 00:00:00'), 'open': 146.39, 'high': 148.93, 'low': 146.17, 'close': 148.88, 'volume': 207323303.0}, {'date': Timestamp('2024-11-06 00:00:00'), 'open': 142.96, 'high': 146.49, 'low': 141.96, 'close': 145.61, 'volume': 242043945.0}, {'date': Timestamp('2024-11-05 00:00:00'), 'open': 137.45, 'high': 140.3701, 'low': 137.33, 'close': 139.91, 'volume': 160537373.0}, {'date': Timestamp('2024-11-04 00:00:00'), 'open': 137.21, 'high': 138.96, 'low': 135.57, 'close': 136.05, 'volume': 187528173.0}, {'date': Timestamp('2024-11-01 00:00:00'), 'open': 134.7, 'high': 137.31, 'low': 134.57, 'close': 135.4, 'volume': 207127838.0}, {'date': Timestamp('2024-10-31 00:00:00'), 'open': 137.6, 'high': 137.61, 'low': 132.1106, 'close': 132.76, 'volume': 270039641.0}, {'date': Timestamp('2024-10-30 00:00:00'), 'open': 139.54, 'high': 140.33, 'low': 136.81, 'close': 139.335, 'volume': 179418082.0}, {'date': Timestamp('2024-10-29 00:00:00'), 'open': 140.285, 'high': 142.2598, 'low': 138.9, 'close': 141.25, 'volume': 157593634.0}, {'date': Timestamp('2024-10-28 00:00:00'), 'open': 143.0, 'high': 143.14, 'low': 140.05, 'close': 140.52, 'volume': 173586745.0}, {'date': Timestamp('2024-10-25 00:00:00'), 'open': 140.93, 'high': 144.13, 'low': 140.8, 'close': 141.54, 'volume': 205122109.0}, {'date': Timestamp('2024-10-24 00:00:00'), 'open': 140.82, 'high': 141.35, 'low': 138.46, 'close': 140.41, 'volume': 172354888.0}, {'date': Timestamp('2024-10-23 00:00:00'), 'open': 142.03, 'high': 142.43, 'low': 137.46, 'close': 139.56, 'volume': 285930038.0}, {'date': Timestamp('2024-10-22 00:00:00'), 'open': 142.91, 'high': 144.42, 'low': 141.78, 'close': 143.59, 'volume': 226311589.0}, {'date': Timestamp('2024-10-21 00:00:00'), 'open': 138.13, 'high': 143.71, 'low': 138.0, 'close': 143.71, 'volume': 264554514.0}, {'date': Timestamp('2024-10-18 00:00:00'), 'open': 138.665, 'high': 138.9, 'low': 137.28, 'close': 138.0, 'volume': 176090184.0}]}
[2025-03-03T01:43:29.665+0000] {xcom.py:690} ERROR - Object of type Timestamp is not JSON serializable. If you are using pickle instead of JSON for XCom, then you need to enable pickle support for XCom in your *** config or make sure to decorate your object with attr.
[2025-03-03T01:43:29.668+0000] {taskinstance.py:3310} ERROR - Task failed with exception
Traceback (most recent call last):
  File "/home/airflow/.local/lib/python3.12/site-packages/airflow/utils/json.py", line 92, in default
    return serialize(o)
           ^^^^^^^^^^^^
  File "/home/airflow/.local/lib/python3.12/site-packages/airflow/serialization/serde.py", line 190, in serialize
    raise TypeError(f"cannot serialize object of type {cls}")
TypeError: cannot serialize object of type <class 'pandas._libs.tslibs.timestamps.Timestamp'>

During handling of the above exception, another exception occurred:

Traceback (most recent call last):
  File "/home/airflow/.local/lib/python3.12/site-packages/airflow/models/taskinstance.py", line 789, in _execute_task
    task_instance.xcom_push(key=XCOM_RETURN_KEY, value=xcom_value, session=session_or_null)
  File "/home/airflow/.local/lib/python3.12/site-packages/airflow/utils/session.py", line 94, in wrapper
    return func(*args, **kwargs)
           ^^^^^^^^^^^^^^^^^^^^^
  File "/home/airflow/.local/lib/python3.12/site-packages/airflow/models/taskinstance.py", line 3638, in xcom_push
    XCom.set(
  File "/home/airflow/.local/lib/python3.12/site-packages/airflow/api_internal/internal_api_call.py", line 139, in wrapper
    return func(*args, **kwargs)
           ^^^^^^^^^^^^^^^^^^^^^
  File "/home/airflow/.local/lib/python3.12/site-packages/airflow/utils/session.py", line 94, in wrapper
    return func(*args, **kwargs)
           ^^^^^^^^^^^^^^^^^^^^^
  File "/home/airflow/.local/lib/python3.12/site-packages/airflow/models/xcom.py", line 249, in set
    value = cls.serialize_value(
            ^^^^^^^^^^^^^^^^^^^^
  File "/home/airflow/.local/lib/python3.12/site-packages/airflow/models/xcom.py", line 688, in serialize_value
    return json.dumps(value, cls=XComEncoder).encode("UTF-8")
           ^^^^^^^^^^^^^^^^^^^^^^^^^^^^^^^^^^
  File "/usr/local/lib/python3.12/json/__init__.py", line 238, in dumps
    **kw).encode(obj)
          ^^^^^^^^^^^
  File "/home/airflow/.local/lib/python3.12/site-packages/airflow/utils/json.py", line 105, in encode
    return super().encode(o)
           ^^^^^^^^^^^^^^^^^
  File "/usr/local/lib/python3.12/json/encoder.py", line 200, in encode
    chunks = self.iterencode(o, _one_shot=True)
             ^^^^^^^^^^^^^^^^^^^^^^^^^^^^^^^^^^
  File "/usr/local/lib/python3.12/json/encoder.py", line 258, in iterencode
    return _iterencode(o, 0)
           ^^^^^^^^^^^^^^^^^
  File "/home/airflow/.local/lib/python3.12/site-packages/airflow/utils/json.py", line 94, in default
    return super().default(o)
           ^^^^^^^^^^^^^^^^^^
  File "/usr/local/lib/python3.12/json/encoder.py", line 180, in default
    raise TypeError(f'Object of type {o.__class__.__name__} '
TypeError: Object of type Timestamp is not JSON serializable
[2025-03-03T01:43:29.687+0000] {taskinstance.py:1225} INFO - Marking task as FAILED. dag_id=Stock_Alpha_Vantage, task_id=transform, run_id=manual__2025-03-03T01:43:26.236106+00:00, execution_date=20250303T014326, start_date=20250303T014329, end_date=20250303T014329
[2025-03-03T01:43:29.699+0000] {taskinstance.py:340} INFO - ::group::Post task execution logs
[2025-03-03T01:43:29.700+0000] {standard_task_runner.py:124} ERROR - Failed to execute job 86 for task transform (Object of type Timestamp is not JSON serializable; 4446)
Traceback (most recent call last):
  File "/home/airflow/.local/lib/python3.12/site-packages/airflow/utils/json.py", line 92, in default
    return serialize(o)
           ^^^^^^^^^^^^
  File "/home/airflow/.local/lib/python3.12/site-packages/airflow/serialization/serde.py", line 190, in serialize
    raise TypeError(f"cannot serialize object of type {cls}")
TypeError: cannot serialize object of type <class 'pandas._libs.tslibs.timestamps.Timestamp'>

During handling of the above exception, another exception occurred:

Traceback (most recent call last):
  File "/home/airflow/.local/lib/python3.12/site-packages/airflow/task/task_runner/standard_task_runner.py", line 117, in _start_by_fork
    ret = args.func(args, dag=self.dag)
          ^^^^^^^^^^^^^^^^^^^^^^^^^^^^^
  File "/home/airflow/.local/lib/python3.12/site-packages/airflow/cli/cli_config.py", line 49, in command
    return func(*args, **kwargs)
           ^^^^^^^^^^^^^^^^^^^^^
  File "/home/airflow/.local/lib/python3.12/site-packages/airflow/utils/cli.py", line 115, in wrapper
    return f(*args, **kwargs)
           ^^^^^^^^^^^^^^^^^^
  File "/home/airflow/.local/lib/python3.12/site-packages/airflow/cli/commands/task_command.py", line 483, in task_run
    task_return_code = _run_task_by_selected_method(args, _dag, ti)
                       ^^^^^^^^^^^^^^^^^^^^^^^^^^^^^^^^^^^^^^^^^^^^
  File "/home/airflow/.local/lib/python3.12/site-packages/airflow/cli/commands/task_command.py", line 256, in _run_task_by_selected_method
    return _run_raw_task(args, ti)
           ^^^^^^^^^^^^^^^^^^^^^^^
  File "/home/airflow/.local/lib/python3.12/site-packages/airflow/cli/commands/task_command.py", line 341, in _run_raw_task
    return ti._run_raw_task(
           ^^^^^^^^^^^^^^^^^
  File "/home/airflow/.local/lib/python3.12/site-packages/airflow/utils/session.py", line 97, in wrapper
    return func(*args, session=session, **kwargs)
           ^^^^^^^^^^^^^^^^^^^^^^^^^^^^^^^^^^^^^^
  File "/home/airflow/.local/lib/python3.12/site-packages/airflow/models/taskinstance.py", line 3004, in _run_raw_task
    return _run_raw_task(
           ^^^^^^^^^^^^^^
  File "/home/airflow/.local/lib/python3.12/site-packages/airflow/models/taskinstance.py", line 273, in _run_raw_task
    TaskInstance._execute_task_with_callbacks(
  File "/home/airflow/.local/lib/python3.12/site-packages/airflow/models/taskinstance.py", line 3158, in _execute_task_with_callbacks
    result = self._execute_task(context, task_orig)
             ^^^^^^^^^^^^^^^^^^^^^^^^^^^^^^^^^^^^^^
  File "/home/airflow/.local/lib/python3.12/site-packages/airflow/models/taskinstance.py", line 3182, in _execute_task
    return _execute_task(self, context, task_orig)
           ^^^^^^^^^^^^^^^^^^^^^^^^^^^^^^^^^^^^^^^
  File "/home/airflow/.local/lib/python3.12/site-packages/airflow/models/taskinstance.py", line 789, in _execute_task
    task_instance.xcom_push(key=XCOM_RETURN_KEY, value=xcom_value, session=session_or_null)
  File "/home/airflow/.local/lib/python3.12/site-packages/airflow/utils/session.py", line 94, in wrapper
    return func(*args, **kwargs)
           ^^^^^^^^^^^^^^^^^^^^^
  File "/home/airflow/.local/lib/python3.12/site-packages/airflow/models/taskinstance.py", line 3638, in xcom_push
    XCom.set(
  File "/home/airflow/.local/lib/python3.12/site-packages/airflow/api_internal/internal_api_call.py", line 139, in wrapper
    return func(*args, **kwargs)
           ^^^^^^^^^^^^^^^^^^^^^
  File "/home/airflow/.local/lib/python3.12/site-packages/airflow/utils/session.py", line 94, in wrapper
    return func(*args, **kwargs)
           ^^^^^^^^^^^^^^^^^^^^^
  File "/home/airflow/.local/lib/python3.12/site-packages/airflow/models/xcom.py", line 249, in set
    value = cls.serialize_value(
            ^^^^^^^^^^^^^^^^^^^^
  File "/home/airflow/.local/lib/python3.12/site-packages/airflow/models/xcom.py", line 688, in serialize_value
    return json.dumps(value, cls=XComEncoder).encode("UTF-8")
           ^^^^^^^^^^^^^^^^^^^^^^^^^^^^^^^^^^
  File "/usr/local/lib/python3.12/json/__init__.py", line 238, in dumps
    **kw).encode(obj)
          ^^^^^^^^^^^
  File "/home/airflow/.local/lib/python3.12/site-packages/airflow/utils/json.py", line 105, in encode
    return super().encode(o)
           ^^^^^^^^^^^^^^^^^
  File "/usr/local/lib/python3.12/json/encoder.py", line 200, in encode
    chunks = self.iterencode(o, _one_shot=True)
             ^^^^^^^^^^^^^^^^^^^^^^^^^^^^^^^^^^
  File "/usr/local/lib/python3.12/json/encoder.py", line 258, in iterencode
    return _iterencode(o, 0)
           ^^^^^^^^^^^^^^^^^
  File "/home/airflow/.local/lib/python3.12/site-packages/airflow/utils/json.py", line 94, in default
    return super().default(o)
           ^^^^^^^^^^^^^^^^^^
  File "/usr/local/lib/python3.12/json/encoder.py", line 180, in default
    raise TypeError(f'Object of type {o.__class__.__name__} '
TypeError: Object of type Timestamp is not JSON serializable
[2025-03-03T01:43:29.746+0000] {local_task_job_runner.py:266} INFO - Task exited with return code 1
[2025-03-03T01:43:29.766+0000] {taskinstance.py:3900} INFO - 0 downstream tasks scheduled from follow-on schedule check
[2025-03-03T01:43:29.769+0000] {local_task_job_runner.py:245} INFO - ::endgroup::
